2023-11-19T11:58:56.960Z - info: [ui] [AppStore] loading 0 repositories from store
2023-11-19T11:58:56.978Z - info: [ui] [AppStore] found account: fransnl (Frans Nilsson Lidström)
2023-11-19T11:58:57.019Z - info: [ui] launching: 3.3.3-linux2 (Linux 6.6.1-arch1-1)
2023-11-19T11:58:57.020Z - info: [ui] execPath: '/opt/github-desktop/github-desktop'
2023-11-19T11:58:57.393Z - info: [ui] Subscribed 'fransnl' to Alive channel
2023-11-19T11:58:57.419Z - info: [ui] Stats reported.
2023-11-19T11:59:14.635Z - info: [ui] [AppStore] loading 0 repositories from store
2023-11-19T11:59:14.652Z - info: [ui] [AppStore] found account: fransnl (Frans Nilsson Lidström)
2023-11-19T11:59:14.680Z - info: [ui] Subscribed 'fransnl' to Alive channel
2023-11-19T11:59:14.749Z - info: [ui] launching: 3.3.3-linux2 (Linux 6.6.1-arch1-1)
2023-11-19T11:59:14.749Z - info: [ui] execPath: '/opt/github-desktop/github-desktop'
2023-11-19T14:13:23.123Z - info: [ui] [AppStore] adding repository at /home/fransnl/.config to store
2023-11-19T14:13:30.426Z - info: [ui] Executing updateIndex: git update-index --add --remove --replace -z --stdin (took 6.942s)
2023-11-19T14:21:08.449Z - info: [ui] [Timing] Action 'create commit' for '.config' took 0.224s
2023-11-19T14:21:40.950Z - info: [ui] Executing push: git -c credential.helper= push origin main --set-upstream --progress (took 19.116s)
2023-11-19T14:21:43.185Z - info: [ui] [BranchPruner] No branches to prune.
2023-11-19T14:22:03.886Z - info: [ui] [AppStore.withAuthenticatingUser] account found for repository: dotfiles - fransnl (has token)
2023-11-19T14:24:48.904Z - info: [ui] [BranchPruner] Last prune took place 3 minutes ago - skipping
2023-11-19T14:25:10.143Z - info: [ui] [Timing] Action 'create commit' for 'fransnl/dotfiles' took 0.254s
2023-11-19T14:25:11.791Z - info: [ui] [AppStore.withAuthenticatingUser] account found for repository: dotfiles - fransnl (has token)
2023-11-19T14:25:12.919Z - info: [ui] Executing push: git -c credential.helper= push origin main:main --progress (took 1.115s)
2023-11-19T14:26:30.132Z - warn: [ui] fetchAll: 'repos/fransnl/dotfiles/pulls?state=open' returned a 404
2023-11-19T14:26:32.709Z - info: [ui] [AppStore.withAuthenticatingUser] account found for repository: dotfiles - fransnl (has token)
2023-11-19T14:28:18.897Z - info: [ui] [AppStore] adding repository at /home/fransnl/.config to store
2023-11-19T14:28:19.095Z - warn: [ui] fetchRepository: 'fransnl/dotfiles' returned a 404
2023-11-19T14:28:19.312Z - warn: [ui] fetchRepository: 'fransnl/dotfiles' returned a 404
2023-11-19T14:28:19.455Z - warn: [ui] fetchRepository: 'fransnl/dotfiles' returned a 404
2023-11-19T14:28:19.497Z - info: [ui] [BranchPruner] Last prune took place 7 minutes ago - skipping
2023-11-19T14:28:20.090Z - info: [ui] [fetchProtectedBranches] unable to list protected branches
Error: Not Found
    at Ft (/home/fransnl/webpack:/app/src/lib/http.ts:178:11)
    at _n.fetchProtectedBranches (/home/fransnl/webpack:/app/src/lib/api.ts:1645:7)
    at ar.updateBranchProtectionsFromAPI (/home/fransnl/webpack:/app/src/lib/stores/app-store.ts:4104:11)
2023-11-19T14:28:20.158Z - warn: [ui] fetchAll: 'repos/fransnl/dotfiles/issues?state=open' returned a 404
2023-11-19T14:28:27.476Z - info: [ui] [Timing] Action 'create commit' for 'fransnl/dotfiles' took 0.247s
2023-11-19T14:28:28.748Z - info: [ui] [AppStore.withAuthenticatingUser] account found for repository: dotfiles - fransnl (has token)
2023-11-19T14:28:30.135Z - warn: [ui] fetchAll: 'repos/fransnl/dotfiles/pulls?state=open' returned a 404
2023-11-19T14:28:45.658Z - info: [ui] Executing fetch: git -c credential.helper= fetch --progress --prune --recurse-submodules=on-demand origin (took 132.945s)
2023-11-19T14:28:45.664Z - error: [ui] `git -c credential.helper= fetch --progress --prune --recurse-submodules=on-demand origin` exited with an unexpected code: 128.
stderr:
fatal: unable to access 'https://github.com/fransnl/dotfiles.git/': Failed to connect to github.com port 443 after 132917 ms: Couldn't connect to server

2023-11-19T14:28:46.223Z - info: [ui] [fetchPushControl] unable to check if branch is potentially pushable
Error: Not Found
    at Ft (/home/fransnl/webpack:/app/src/lib/http.ts:178:11)
    at _n.fetchPushControl (/home/fransnl/webpack:/app/src/lib/api.ts:1619:7)
    at ar.refreshBranchProtectionState (/home/fransnl/webpack:/app/src/lib/stores/app-store.ts:1173:39)
    at /home/fransnl/webpack:/app/src/lib/stores/app-store.ts:5003:32
    at ar.withPushPullFetch (/home/fransnl/webpack:/app/src/lib/stores/app-store.ts:4517:5)
    at ar.performFetch (/home/fransnl/webpack:/app/src/lib/stores/app-store.ts:4959:5)
2023-11-19T14:28:46.827Z - warn: [ui] fetchAll: 'repos/fransnl/dotfiles/issues?state=open' returned a 404
2023-11-19T14:28:57.759Z - info: [ui] [BranchPruner] Last prune took place 7 minutes ago - skipping
2023-11-19T14:28:57.760Z - info: [ui] [fetchProtectedBranches] unable to list protected branches
Error: Not Found
    at Ft (/home/fransnl/webpack:/app/src/lib/http.ts:178:11)
    at _n.fetchProtectedBranches (/home/fransnl/webpack:/app/src/lib/api.ts:1645:7)
    at ar.updateBranchProtectionsFromAPI (/home/fransnl/webpack:/app/src/lib/stores/app-store.ts:4104:11)
2023-11-19T14:28:57.976Z - warn: [ui] fetchAll: 'repos/fransnl/dotfiles/issues?state=open' returned a 404
2023-11-19T14:29:04.587Z - info: [ui] [Timing] Action 'create commit' for 'fransnl/dotfiles' took 0.166s
2023-11-19T14:29:04.849Z - info: [ui] Executing push: git -c credential.helper= push origin main:main --progress (took 36.087s)
2023-11-19T14:29:06.979Z - info: [ui] [AppStore.withAuthenticatingUser] account found for repository: dotfiles - fransnl (has token)
2023-11-19T14:29:07.024Z - error: [ui] `git -c credential.helper= push origin main:main --progress` exited with an unexpected code: 128.
stderr:
fatal: no path specified; see 'git help pull' for valid url syntax

2023-11-19T14:30:53.890Z - info: [ui] [AppStore] adding repository at /home/fransnl/.config to store
