2023-11-14T20:15:56.375Z - info: [ui] [AppStore] loading 0 repositories from store
2023-11-14T20:15:56.409Z - info: [ui] launching: 3.3.3-linux2 (Linux 6.6.1-arch1-1)
2023-11-14T20:15:56.410Z - info: [ui] execPath: '/opt/github-desktop/github-desktop'
2023-11-14T20:15:56.450Z - info: [ui] [Welcome] no sign in step found. ignoring...
2023-11-14T20:15:56.454Z - info: [ui] [Welcome] no sign in step found. ignoring...
2023-11-14T20:15:56.498Z - info: [ui] [Welcome] no sign in step found. ignoring...
2023-11-14T20:15:56.872Z - info: [ui] Opt in reported.
2023-11-14T20:15:59.606Z - info: [ui] [Welcome] advancing to step: SignInToDotComWithBrowser
2023-11-14T20:15:59.607Z - info: [ui] [SignInStore] initializing OAuth flow
2023-11-14T20:15:59.616Z - info: [main] opening in browser: https://github.com/login/oauth/authorize?client_id=3a723b10ac5575cc5bb9&scope=repo%20user%20workflow&state=734195d4-a132-4503-9d55-79925d335de9
2023-11-14T20:15:59.617Z - info: [ui] [Welcome] current sign in state not found. ignoring...
2023-11-14T20:15:59.760Z - info: [ui] [Welcome] kind Authentication is the same as Authentication. ignoring...
2023-11-14T20:16:34.998Z - info: [main] Received possible protocol arguments: 3
2023-11-14T20:16:34.999Z - info: [main] Processing protocol url
2023-11-14T20:16:34.999Z - info: [ui] [Dispatcher] requesting authenticated user
2023-11-14T20:16:35.008Z - info: [ui] [Welcome] kind Authentication is the same as Authentication. ignoring...
2023-11-14T20:16:35.025Z - info: [ui] [Welcome] kind Authentication is the same as Authentication. ignoring...
2023-11-14T20:16:35.060Z - info: [main] Received possible protocol arguments: 2
2023-11-14T20:16:35.064Z - info: [main] Processing protocol url
2023-11-14T20:16:35.938Z - info: [ui] [SignInStore] account resolved
2023-11-14T20:16:35.939Z - info: [ui] [AppStore] adding account fransnl (Frans Nilsson Lidström) to store
2023-11-14T20:16:35.941Z - info: [ui] [Welcome] advancing to step: ConfigureGit
2023-11-14T20:16:36.010Z - info: [ui] [Welcome] no sign in step found. ignoring...
2023-11-14T20:16:36.370Z - info: [ui] Subscribed 'fransnl' to Alive channel
2023-11-14T20:18:26.496Z - info: [ui] [AppStore] loading 0 repositories from store
2023-11-14T20:18:26.506Z - info: [ui] [AppStore] found account: fransnl (Frans Nilsson Lidström)
2023-11-14T20:18:26.539Z - info: [ui] launching: 3.3.3-linux2 (Linux 6.6.1-arch1-1)
2023-11-14T20:18:26.540Z - info: [ui] execPath: '/opt/github-desktop/github-desktop'
2023-11-14T20:18:26.909Z - info: [ui] Stats reported.
2023-11-14T20:18:26.963Z - info: [ui] Subscribed 'fransnl' to Alive channel
